0 info it worked if it ends with ok
1 verbose cli [ '/Users/andrewhayter/.nvm/v0.10.33/bin/node',
1 verbose cli   '/Users/andrewhayter/.nvm/v0.10.33/bin/npm',
1 verbose cli   'install',
1 verbose cli   '--save',
1 verbose cli   'dilla' ]
2 info using npm@1.4.28
3 info using node@v0.10.33
4 warn package.json socket-chat-example@0.0.1 No repository field.
5 warn package.json socket-chat-example@0.0.1 No README data
6 verbose readDependencies using package.json deps
7 verbose cache add [ 'dilla', null ]
8 verbose cache add name=undefined spec="dilla" args=["dilla",null]
9 verbose parsed url { protocol: null,
9 verbose parsed url   slashes: null,
9 verbose parsed url   auth: null,
9 verbose parsed url   host: null,
9 verbose parsed url   port: null,
9 verbose parsed url   hostname: null,
9 verbose parsed url   hash: null,
9 verbose parsed url   search: null,
9 verbose parsed url   query: null,
9 verbose parsed url   pathname: 'dilla',
9 verbose parsed url   path: 'dilla',
9 verbose parsed url   href: 'dilla' }
10 silly lockFile d758099a-dilla dilla
11 verbose lock dilla /Users/andrewhayter/.npm/d758099a-dilla.lock
12 silly lockFile d758099a-dilla dilla
13 silly lockFile d758099a-dilla dilla
14 verbose addNamed [ 'dilla', '' ]
15 verbose addNamed [ null, '*' ]
16 silly lockFile e71d154c-dilla dilla@
17 verbose lock dilla@ /Users/andrewhayter/.npm/e71d154c-dilla.lock
18 silly addNameRange { name: 'dilla', range: '*', hasData: false }
19 verbose request where is /dilla
20 verbose request registry https://registry.npmjs.org/
21 verbose request id 4eb462ceb81bbcd7
22 verbose url raw /dilla
23 verbose url resolving [ 'https://registry.npmjs.org/', './dilla' ]
24 verbose url resolved https://registry.npmjs.org/dilla
25 verbose request where is https://registry.npmjs.org/dilla
26 info trying registry request attempt 1 at 10:09:12
27 http GET https://registry.npmjs.org/dilla
28 info retry will retry, error on last attempt: Error: getaddrinfo ENOTFOUND
29 info trying registry request attempt 2 at 10:09:52
30 http GET https://registry.npmjs.org/dilla
31 info retry will retry, error on last attempt: Error: getaddrinfo ENOTFOUND
32 info trying registry request attempt 3 at 10:11:22
33 http GET https://registry.npmjs.org/dilla
34 silly lockFile e71d154c-dilla dilla@
35 silly lockFile e71d154c-dilla dilla@
36 error network getaddrinfo ENOTFOUND
36 error network This is most likely not a problem with npm itself
36 error network and is related to network connectivity.
36 error network In most cases you are behind a proxy or have bad network settings.
36 error network
36 error network If you are behind a proxy, please make sure that the
36 error network 'proxy' config is set properly.  See: 'npm help config'
37 error System Darwin 14.4.0
38 error command "/Users/andrewhayter/.nvm/v0.10.33/bin/node" "/Users/andrewhayter/.nvm/v0.10.33/bin/npm" "install" "--save" "dilla"
39 error cwd /Users/andrewhayter/lighthouse/final_project
40 error node -v v0.10.33
41 error npm -v 1.4.28
42 error syscall getaddrinfo
43 error code ENOTFOUND
44 error errno ENOTFOUND
45 verbose exit [ 1, true ]
